{"name": "新增用户收货地址", "status": "broken", "statusDetails": {"message": "selenium.common.exceptions.NoSuchElementException: Message: Cannot locate option with value: 天津城区; For documentation on this error, please visit: https://www.selenium.dev/documentation/webdriver/troubleshooting/errors#no-such-element-exception", "trace": "self = <testcases.user_center.test_user.TestUser object at 0x041B10E8>\ndriver_project = <selenium.webdriver.chrome.webdriver.WebDriver (session=\"b957efec119a173f67c6eb4440b63644\")>\n\n    @allure.title(\"新增用户收货地址\")\n    def test_add_address(self, driver_project):\n        page = UserPage(driver_project)\n        info = read_yaml()['user_address']\n        page.login()\n        page.move_to_element(page.vip_center)\n        page.click(page.my_address)\n        page.select_by_value(page.province, info['province'])\n>       page.select_by_value(page.city, info['city'])\n\ntestcases\\user_center\\test_user.py:130: \n_ _ _ _ _ _ _ _ _ _ _ _ _ _ _ _ _ _ _ _ _ _ _ _ _ _ _ _ _ _ _ _ _ _ _ _ _ _ _ _\nbase\\base_page.py:239: in select_by_value\n    select.select_by_value(value)\n_ _ _ _ _ _ _ _ _ _ _ _ _ _ _ _ _ _ _ _ _ _ _ _ _ _ _ _ _ _ _ _ _ _ _ _ _ _ _ _\n\nself = <selenium.webdriver.support.select.Select object at 0x04FF0EF8>\nvalue = '天津城区'\n\n    def select_by_value(self, value: str) -> None:\n        \"\"\"Select all options that have a value matching the argument. That is,\n        when given \"foo\" this would select an option like:\n    \n        <option value=\"foo\">Bar</option>\n    \n        :Args:\n         - value - The value to match against\n    \n        throws NoSuchElementException If there is no option with specified value in SELECT\n        \"\"\"\n        css = f\"option[value ={self._escape_string(value)}]\"\n        opts = self._el.find_elements(By.CSS_SELECTOR, css)\n        matched = False\n        for opt in opts:\n            self._set_selected(opt)\n            if not self.is_multiple:\n                return\n            matched = True\n        if not matched:\n>           raise NoSuchElementException(f\"Cannot locate option with value: {value}\")\nE           selenium.common.exceptions.NoSuchElementException: Message: Cannot locate option with value: 天津城区; For documentation on this error, please visit: https://www.selenium.dev/documentation/webdriver/troubleshooting/errors#no-such-element-exception\n\nD:\\python\\lib\\site-packages\\selenium\\webdriver\\support\\select.py:84: NoSuchElementException"}, "attachments": [{"name": "log", "source": "71e70606-c606-4a37-8767-8cc4ae7f8a3c-attachment.txt", "type": "text/plain"}], "start": 1708417461559, "stop": 1708417472701, "uuid": "6656d67a-4898-4490-8804-8f29b9549613", "historyId": "8bdbd4e28eb8f6dff08f29d62e1fbf23", "testCaseId": "8bdbd4e28eb8f6dff08f29d62e1fbf23", "fullName": "testcases.user_center.test_user.TestUser#test_add_address", "labels": [{"name": "feature", "value": "用户中心"}, {"name": "epic", "value": "美客生鲜的项目"}, {"name": "tag", "value": "run(order=1)"}, {"name": "parentSuite", "value": "testcases.user_center"}, {"name": "suite", "value": "test_user"}, {"name": "subSuite", "value": "TestUser"}, {"name": "host", "value": "gyj"}, {"name": "thread", "value": "48688-MainThread"}, {"name": "framework", "value": "pytest"}, {"name": "language", "value": "cpython3"}, {"name": "package", "value": "testcases.user_center.test_user"}]}